8.000000000000000000e+00
3.100000000000000000e+01
3.800000000000000000e+01
4.400000000000000000e+01
5.100000000000000000e+01
7.400000000000000000e+01
8.000000000000000000e+01
8.700000000000000000e+01
9.500000000000000000e+01
1.170000000000000000e+02
1.230000000000000000e+02
1.300000000000000000e+02
1.370000000000000000e+02
1.580000000000000000e+02
1.590000000000000000e+02
1.810000000000000000e+02
2.040000000000000000e+02
2.100000000000000000e+02
2.170000000000000000e+02
2.240000000000000000e+02
2.460000000000000000e+02
2.530000000000000000e+02
2.600000000000000000e+02
2.670000000000000000e+02
2.880000000000000000e+02
2.950000000000000000e+02
3.020000000000000000e+02
3.090000000000000000e+02
3.310000000000000000e+02
3.530000000000000000e+02
3.540000000000000000e+02
3.750000000000000000e+02
3.820000000000000000e+02
3.880000000000000000e+02
3.950000000000000000e+02
4.170000000000000000e+02
4.240000000000000000e+02
4.310000000000000000e+02
4.370000000000000000e+02
4.580000000000000000e+02
4.650000000000000000e+02
4.730000000000000000e+02
4.790000000000000000e+02
5.010000000000000000e+02
5.230000000000000000e+02
